0 info it worked if it ends with ok
1 verbose cli [ '/usr/local/bin/node',
1 verbose cli   '/usr/local/bin/npm',
1 verbose cli   'install',
1 verbose cli   'requirejs' ]
2 info using npm@2.14.7
3 info using node@v4.2.2
4 verbose install initial load of /Users/tim/Documents/work/manaona/vitonjob/dev/migration/vitonjob/package.json
5 warn package.json vitonjob@ No repository field.
6 warn package.json vitonjob@ No README data
7 warn package.json vitonjob@ No license field.
8 verbose installManyTop reading scoped package data from /Users/tim/Documents/work/manaona/vitonjob/dev/migration/vitonjob/node_modules/angular2/package.json
9 verbose installManyTop reading scoped package data from /Users/tim/Documents/work/manaona/vitonjob/dev/migration/vitonjob/node_modules/del/package.json
10 verbose installManyTop reading scoped package data from /Users/tim/Documents/work/manaona/vitonjob/dev/migration/vitonjob/node_modules/dragula/package.json
11 verbose installManyTop reading scoped package data from /Users/tim/Documents/work/manaona/vitonjob/dev/migration/vitonjob/node_modules/es6-shim/package.json
12 verbose installManyTop reading scoped package data from /Users/tim/Documents/work/manaona/vitonjob/dev/migration/vitonjob/node_modules/gulp/package.json
13 verbose installManyTop reading scoped package data from /Users/tim/Documents/work/manaona/vitonjob/dev/migration/vitonjob/node_modules/gulp-watch/package.json
14 verbose installManyTop reading scoped package data from /Users/tim/Documents/work/manaona/vitonjob/dev/migration/vitonjob/node_modules/ionic-angular/package.json
15 verbose installManyTop reading scoped package data from /Users/tim/Documents/work/manaona/vitonjob/dev/migration/vitonjob/node_modules/ionic-gulp-browserify-typescript/package.json
16 verbose installManyTop reading scoped package data from /Users/tim/Documents/work/manaona/vitonjob/dev/migration/vitonjob/node_modules/ionic-gulp-fonts-copy/package.json
17 verbose installManyTop reading scoped package data from /Users/tim/Documents/work/manaona/vitonjob/dev/migration/vitonjob/node_modules/ionic-gulp-html-copy/package.json
18 verbose installManyTop reading scoped package data from /Users/tim/Documents/work/manaona/vitonjob/dev/migration/vitonjob/node_modules/ionic-gulp-sass-build/package.json
19 verbose installManyTop reading scoped package data from /Users/tim/Documents/work/manaona/vitonjob/dev/migration/vitonjob/node_modules/ionic-gulp-scripts-copy/package.json
20 verbose installManyTop reading scoped package data from /Users/tim/Documents/work/manaona/vitonjob/dev/migration/vitonjob/node_modules/ionic-native/package.json
21 verbose installManyTop reading scoped package data from /Users/tim/Documents/work/manaona/vitonjob/dev/migration/vitonjob/node_modules/ionicons/package.json
22 verbose installManyTop reading scoped package data from /Users/tim/Documents/work/manaona/vitonjob/dev/migration/vitonjob/node_modules/jquery/package.json
23 verbose installManyTop reading scoped package data from /Users/tim/Documents/work/manaona/vitonjob/dev/migration/vitonjob/node_modules/jquery-ui/package.json
24 verbose installManyTop reading scoped package data from /Users/tim/Documents/work/manaona/vitonjob/dev/migration/vitonjob/node_modules/ng2-dragula/package.json
25 verbose installManyTop reading scoped package data from /Users/tim/Documents/work/manaona/vitonjob/dev/migration/vitonjob/node_modules/reflect-metadata/package.json
26 verbose installManyTop reading scoped package data from /Users/tim/Documents/work/manaona/vitonjob/dev/migration/vitonjob/node_modules/run-sequence/package.json
27 verbose installManyTop reading scoped package data from /Users/tim/Documents/work/manaona/vitonjob/dev/migration/vitonjob/node_modules/rxjs/package.json
28 verbose installManyTop reading scoped package data from /Users/tim/Documents/work/manaona/vitonjob/dev/migration/vitonjob/node_modules/typings/package.json
29 verbose installManyTop reading scoped package data from /Users/tim/Documents/work/manaona/vitonjob/dev/migration/vitonjob/node_modules/zone.js/package.json
30 verbose installManyTop reading scoped package data from /Users/tim/Documents/work/manaona/vitonjob/dev/migration/vitonjob/node_modules/@angular/common/package.json
31 verbose installManyTop reading scoped package data from /Users/tim/Documents/work/manaona/vitonjob/dev/migration/vitonjob/node_modules/@angular/core/package.json
32 info package.json ionic-gulp-fonts-copy@1.0.0 No repository field.
33 info package.json ionic-gulp-fonts-copy@1.0.0 No license field.
34 info package.json @angular/common@2.0.0-rc.1 No description
35 info package.json @angular/common@2.0.0-rc.1 No repository field.
36 info package.json @angular/common@2.0.0-rc.1 No README data
37 info package.json @angular/core@2.0.0-rc.1 No description
38 info package.json @angular/core@2.0.0-rc.1 No repository field.
39 info package.json @angular/core@2.0.0-rc.1 No README data
40 info package.json jquery-ui@1.10.5 No license field.
41 verbose readDependencies loading dependencies from /Users/tim/Documents/work/manaona/vitonjob/dev/migration/vitonjob/package.json
42 silly cache add args [ 'requirejs', null ]
43 verbose cache add spec requirejs
44 silly cache add parsed spec Result {
44 silly cache add   raw: 'requirejs',
44 silly cache add   scope: null,
44 silly cache add   name: 'requirejs',
44 silly cache add   rawSpec: '',
44 silly cache add   spec: '*',
44 silly cache add   type: 'range' }
45 silly addNamed requirejs@*
46 verbose addNamed "*" is a valid semver range for requirejs
47 silly addNameRange { name: 'requirejs', range: '*', hasData: false }
48 silly mapToRegistry name requirejs
49 silly mapToRegistry using default registry
50 silly mapToRegistry registry https://registry.npmjs.org/
51 silly mapToRegistry uri https://registry.npmjs.org/requirejs
52 verbose addNameRange registry:https://registry.npmjs.org/requirejs not in flight; fetching
53 verbose request uri https://registry.npmjs.org/requirejs
54 verbose request no auth needed
55 info attempt registry request try #1 at 19:44:22
56 verbose request id 57da95993940d372
57 http request GET https://registry.npmjs.org/requirejs
58 http 200 https://registry.npmjs.org/requirejs
59 verbose headers { server: 'CouchDB/1.5.0 (Erlang OTP/R16B03)',
59 verbose headers   etag: '"2R3UYW5U029N7SJWK9O1Z63W"',
59 verbose headers   'content-type': 'application/json',
59 verbose headers   'content-encoding': 'gzip',
59 verbose headers   'cache-control': 'max-age=300',
59 verbose headers   'content-length': '5122',
59 verbose headers   'accept-ranges': 'bytes',
59 verbose headers   date: 'Fri, 13 May 2016 17:44:22 GMT',
59 verbose headers   via: '1.1 varnish',
59 verbose headers   age: '75',
59 verbose headers   connection: 'keep-alive',
59 verbose headers   'x-served-by': 'cache-fra1231-FRA',
59 verbose headers   'x-cache': 'HIT',
59 verbose headers   'x-cache-hits': '1',
59 verbose headers   'x-timer': 'S1463161462.568602,VS0,VE0',
59 verbose headers   vary: 'Accept-Encoding' }
60 silly get cb [ 200,
60 silly get   { server: 'CouchDB/1.5.0 (Erlang OTP/R16B03)',
60 silly get     etag: '"2R3UYW5U029N7SJWK9O1Z63W"',
60 silly get     'content-type': 'application/json',
60 silly get     'content-encoding': 'gzip',
60 silly get     'cache-control': 'max-age=300',
60 silly get     'content-length': '5122',
60 silly get     'accept-ranges': 'bytes',
60 silly get     date: 'Fri, 13 May 2016 17:44:22 GMT',
60 silly get     via: '1.1 varnish',
60 silly get     age: '75',
60 silly get     connection: 'keep-alive',
60 silly get     'x-served-by': 'cache-fra1231-FRA',
60 silly get     'x-cache': 'HIT',
60 silly get     'x-cache-hits': '1',
60 silly get     'x-timer': 'S1463161462.568602,VS0,VE0',
60 silly get     vary: 'Accept-Encoding' } ]
61 verbose get saving requirejs to /Users/tim/.npm/registry.npmjs.org/requirejs/.cache.json
62 silly addNameRange number 2 { name: 'requirejs', range: '*', hasData: true }
63 silly addNameRange versions [ 'requirejs',
63 silly addNameRange   [ '0.26.0',
63 silly addNameRange     '0.27.0',
63 silly addNameRange     '0.27.1',
63 silly addNameRange     '1.0.0',
63 silly addNameRange     '1.0.1',
63 silly addNameRange     '1.0.2',
63 silly addNameRange     '1.0.3',
63 silly addNameRange     '1.0.4',
63 silly addNameRange     '1.0.5',
63 silly addNameRange     '1.0.6',
63 silly addNameRange     '1.0.7',
63 silly addNameRange     '1.0.8',
63 silly addNameRange     '2.0.0',
63 silly addNameRange     '2.0.1',
63 silly addNameRange     '2.0.2',
63 silly addNameRange     '2.0.3',
63 silly addNameRange     '2.0.4',
63 silly addNameRange     '2.0.5',
63 silly addNameRange     '2.0.6',
63 silly addNameRange     '2.1.0',
63 silly addNameRange     '2.1.1',
63 silly addNameRange     '2.1.2',
63 silly addNameRange     '2.1.3',
63 silly addNameRange     '2.1.4',
63 silly addNameRange     '2.1.5',
63 silly addNameRange     '2.1.6',
63 silly addNameRange     '2.1.7',
63 silly addNameRange     '2.1.8',
63 silly addNameRange     '2.1.9',
63 silly addNameRange     '2.1.10',
63 silly addNameRange     '2.1.11',
63 silly addNameRange     '2.1.12',
63 silly addNameRange     '2.1.13',
63 silly addNameRange     '2.1.14',
63 silly addNameRange     '2.1.15',
63 silly addNameRange     '2.1.16',
63 silly addNameRange     '2.1.17',
63 silly addNameRange     '2.1.18',
63 silly addNameRange     '2.1.19',
63 silly addNameRange     '2.1.20',
63 silly addNameRange     '2.1.21',
63 silly addNameRange     '2.1.22',
63 silly addNameRange     '2.2.0' ] ]
64 silly addNamed requirejs@2.2.0
65 verbose addNamed "2.2.0" is a plain semver version for requirejs
66 silly mapToRegistry name requirejs
67 silly mapToRegistry using default registry
68 silly mapToRegistry registry https://registry.npmjs.org/
69 silly mapToRegistry uri https://registry.npmjs.org/requirejs
70 verbose addRemoteTarball https://registry.npmjs.org/requirejs/-/requirejs-2.2.0.tgz not in flight; adding
71 verbose addRemoteTarball [ 'https://registry.npmjs.org/requirejs/-/requirejs-2.2.0.tgz',
71 verbose addRemoteTarball   '0f2b1538af2b8d0a4fffffde5d367aa9cd4cfe84' ]
72 info retry fetch attempt 1 at 19:44:22
73 info attempt registry request try #1 at 19:44:22
74 http fetch GET https://registry.npmjs.org/requirejs/-/requirejs-2.2.0.tgz
75 http fetch 200 https://registry.npmjs.org/requirejs/-/requirejs-2.2.0.tgz
76 silly fetchAndShaCheck shasum 0f2b1538af2b8d0a4fffffde5d367aa9cd4cfe84
77 verbose addTmpTarball /var/folders/tj/q0710j597q3gh0np9z5nbj1r0000gn/T/npm-61173-4c65d6a5/registry.npmjs.org/requirejs/-/requirejs-2.2.0.tgz not in flight; adding
78 verbose addTmpTarball already have metadata; skipping unpack for requirejs@2.2.0
79 silly cache afterAdd requirejs@2.2.0
80 verbose afterAdd /Users/tim/.npm/requirejs/2.2.0/package/package.json not in flight; writing
81 verbose afterAdd /Users/tim/.npm/requirejs/2.2.0/package/package.json written
82 silly install resolved [ { name: 'requirejs',
82 silly install resolved     description: 'Node adapter for RequireJS, for loading AMD modules. Includes RequireJS optimizer',
82 silly install resolved     version: '2.2.0',
82 silly install resolved     homepage: 'http://github.com/jrburke/r.js',
82 silly install resolved     author:
82 silly install resolved      { name: 'James Burke',
82 silly install resolved        email: 'jrburke@gmail.com',
82 silly install resolved        url: 'http://github.com/jrburke' },
82 silly install resolved     license: 'MIT',
82 silly install resolved     repository: { type: 'git', url: 'git+https://github.com/jrburke/r.js.git' },
82 silly install resolved     main: './bin/r.js',
82 silly install resolved     bin: { 'r.js': './bin/r.js', r_js: './bin/r.js' },
82 silly install resolved     engines: { node: '>=0.4.0' },
82 silly install resolved     bugs: { url: 'https://github.com/jrburke/r.js/issues' },
82 silly install resolved     _id: 'requirejs@2.2.0',
82 silly install resolved     scripts: {},
82 silly install resolved     _shasum: '0f2b1538af2b8d0a4fffffde5d367aa9cd4cfe84',
82 silly install resolved     _from: 'requirejs@*',
82 silly install resolved     _npmVersion: '2.14.12',
82 silly install resolved     _nodeVersion: '4.2.4',
82 silly install resolved     _npmUser: { name: 'jrburke', email: 'jrburke@gmail.com' },
82 silly install resolved     maintainers: [ [Object] ],
82 silly install resolved     dist:
82 silly install resolved      { shasum: '0f2b1538af2b8d0a4fffffde5d367aa9cd4cfe84',
82 silly install resolved        tarball: 'https://registry.npmjs.org/requirejs/-/requirejs-2.2.0.tgz' },
82 silly install resolved     _npmOperationalInternal:
82 silly install resolved      { host: 'packages-12-west.internal.npmjs.com',
82 silly install resolved        tmp: 'tmp/requirejs-2.2.0.tgz_1458241645466_0.5381889801938087' },
82 silly install resolved     directories: {},
82 silly install resolved     _resolved: 'https://registry.npmjs.org/requirejs/-/requirejs-2.2.0.tgz' } ]
83 info install requirejs@2.2.0 into /Users/tim/Documents/work/manaona/vitonjob/dev/migration/vitonjob
84 info installOne requirejs@2.2.0
85 verbose installOne of requirejs to /Users/tim/Documents/work/manaona/vitonjob/dev/migration/vitonjob not in flight; installing
86 verbose lock using /Users/tim/.npm/_locks/requirejs-4c539e2a943ccad8.lock for /Users/tim/Documents/work/manaona/vitonjob/dev/migration/vitonjob/node_modules/requirejs
87 silly install write writing requirejs 2.2.0 to /Users/tim/Documents/work/manaona/vitonjob/dev/migration/vitonjob/node_modules/requirejs
88 verbose unbuild node_modules/requirejs
89 silly gentlyRm /Users/tim/Documents/work/manaona/vitonjob/dev/migration/vitonjob/node_modules/requirejs is being purged from base /Users/tim/Documents/work/manaona/vitonjob/dev/migration/vitonjob
90 verbose gentlyRm don't care about contents; nuking /Users/tim/Documents/work/manaona/vitonjob/dev/migration/vitonjob/node_modules/requirejs
91 verbose tar unpack /Users/tim/.npm/requirejs/2.2.0/package.tgz
92 verbose tar unpacking to /Users/tim/Documents/work/manaona/vitonjob/dev/migration/vitonjob/node_modules/requirejs
93 silly gentlyRm /Users/tim/Documents/work/manaona/vitonjob/dev/migration/vitonjob/node_modules/requirejs is being purged
94 verbose gentlyRm don't care about contents; nuking /Users/tim/Documents/work/manaona/vitonjob/dev/migration/vitonjob/node_modules/requirejs
95 silly gunzTarPerm modes [ '755', '644' ]
96 silly gunzTarPerm extractEntry package.json
97 silly gunzTarPerm extractEntry README.md
98 silly gunzTarPerm extractEntry require.js
99 silly gunzTarPerm extractEntry bin/r.js
100 verbose write writing to /Users/tim/Documents/work/manaona/vitonjob/dev/migration/vitonjob/node_modules/requirejs/package.json
101 info preinstall requirejs@2.2.0
102 verbose readDependencies loading dependencies from /Users/tim/Documents/work/manaona/vitonjob/dev/migration/vitonjob/node_modules/requirejs/package.json
103 verbose readDependencies loading dependencies from /Users/tim/Documents/work/manaona/vitonjob/dev/migration/vitonjob/node_modules/requirejs/package.json
104 silly install resolved []
105 verbose about to build /Users/tim/Documents/work/manaona/vitonjob/dev/migration/vitonjob/node_modules/requirejs
106 info build /Users/tim/Documents/work/manaona/vitonjob/dev/migration/vitonjob/node_modules/requirejs
107 info linkStuff requirejs@2.2.0
108 silly linkStuff requirejs@2.2.0 has /Users/tim/Documents/work/manaona/vitonjob/dev/migration/vitonjob/node_modules as its parent node_modules
109 verbose linkBins requirejs@2.2.0
110 verbose link bins [ { 'r.js': './bin/r.js', r_js: './bin/r.js' },
110 verbose link bins   '/Users/tim/Documents/work/manaona/vitonjob/dev/migration/vitonjob/node_modules/.bin',
110 verbose link bins   false ]
111 verbose linkMans requirejs@2.2.0
112 verbose rebuildBundles requirejs@2.2.0
113 silly gentlyRm /Users/tim/Documents/work/manaona/vitonjob/dev/migration/vitonjob/node_modules/.bin/r.js is being purged
114 verbose gentlyRm don't care about contents; nuking /Users/tim/Documents/work/manaona/vitonjob/dev/migration/vitonjob/node_modules/.bin/r.js
115 silly gentlyRm /Users/tim/Documents/work/manaona/vitonjob/dev/migration/vitonjob/node_modules/.bin/r_js is being purged
116 verbose gentlyRm don't care about contents; nuking /Users/tim/Documents/work/manaona/vitonjob/dev/migration/vitonjob/node_modules/.bin/r_js
117 info install requirejs@2.2.0
118 info postinstall requirejs@2.2.0
119 verbose unlock done using /Users/tim/.npm/_locks/requirejs-4c539e2a943ccad8.lock for /Users/tim/Documents/work/manaona/vitonjob/dev/migration/vitonjob/node_modules/requirejs
120 verbose validateInstall loading /Users/tim/Documents/work/manaona/vitonjob/dev/migration/vitonjob/package.json for validation
121 verbose stack Error: The package rxjs@5.0.0-beta.2 does not satisfy its siblings' peerDependencies requirements!
121 verbose stack     at /usr/local/lib/node_modules/npm/lib/install.js:125:32
121 verbose stack     at /usr/local/lib/node_modules/npm/lib/install.js:268:7
121 verbose stack     at /usr/local/lib/node_modules/npm/node_modules/read-installed/read-installed.js:142:5
121 verbose stack     at /usr/local/lib/node_modules/npm/node_modules/read-installed/read-installed.js:263:14
121 verbose stack     at cb (/usr/local/lib/node_modules/npm/node_modules/slide/lib/async-map.js:47:24)
121 verbose stack     at /usr/local/lib/node_modules/npm/node_modules/read-installed/read-installed.js:263:14
121 verbose stack     at cb (/usr/local/lib/node_modules/npm/node_modules/slide/lib/async-map.js:47:24)
121 verbose stack     at /usr/local/lib/node_modules/npm/node_modules/read-installed/read-installed.js:263:14
121 verbose stack     at cb (/usr/local/lib/node_modules/npm/node_modules/slide/lib/async-map.js:47:24)
121 verbose stack     at /usr/local/lib/node_modules/npm/node_modules/read-installed/read-installed.js:263:14
122 verbose cwd /Users/tim/Documents/work/manaona/vitonjob/dev/migration/vitonjob
123 error Darwin 15.0.0
124 error argv "/usr/local/bin/node" "/usr/local/bin/npm" "install" "requirejs"
125 error node v4.2.2
126 error npm  v2.14.7
127 error code EPEERINVALID
128 error peerinvalid The package rxjs@5.0.0-beta.2 does not satisfy its siblings' peerDependencies requirements!
129 verbose exit [ 1, true ]
